<?xml version="1.0" encoding="UTF-8"?>
<!-- Generated by org.testng.reporters.JUnitReportReporter -->
<testsuite skipped="0" hostname="LAPTOP-PKOJ9DQN" name="fakeTestcases.GetUser" tests="1" failures="0" timestamp="02 Nov 2020 13:33:53 GMT" time="1.381" errors="0">
  <testcase name="getUser_validInputs" time="1.381" classname="fakeTestcases.GetUser"/>
</testsuite> <!-- fakeTestcases.GetUser -->
